<?xml version="1.0" encoding="UTF-8"?>
<!-- Generated by org.testng.reporters.JUnitReportReporter -->
<testsuite hostname="Sayan" failures="0" tests="1" name="com.testbot.testcases.LoginTest" time="1.214" errors="0" timestamp="2024-03-31T18:14:16 IST" skipped="0">
  <testcase classname="com.testbot.testcases.LoginTest" name="LoginAsManager" time="1.214"/>
</testsuite> <!-- com.testbot.testcases.LoginTest -->
