<?xml version="1.0" encoding="UTF-8"?>
<!-- Generated by org.testng.reporters.JUnitReportReporter -->
<testsuite hostname="Sayan" failures="0" tests="1" name="com.testbot.testcases.LoginTest" time="1.159" errors="0" timestamp="12 May 2024 18:16:58 GMT" skipped="0">
  <testcase classname="com.testbot.testcases.LoginTest" name="LoginAsManager" time="1.159"/>
</testsuite> <!-- com.testbot.testcases.LoginTest -->
