<?xml version="1.0" encoding="UTF-8"?>
<!-- Generated by org.testng.reporters.JUnitReportReporter -->
<testsuite hostname="Sayan" failures="0" tests="1" name="com.testbot.testcases.BankManagerLoginTest" time="3.799" errors="0" timestamp="21 May 2024 17:41:16 GMT" skipped="0">
  <testcase classname="com.testbot.testcases.BankManagerLoginTest" name="LoginAsManager" time="3.799"/>
</testsuite> <!-- com.testbot.testcases.BankManagerLoginTest -->
